if --> (-1,-1)
( --> (-1,-1)
identifier --> (3,0)
/ --> (-1,-1)
integer_constant --> (2,0)
== --> (-1,-1)
integer_constant --> (0,0)
) --> (-1,-1)
\n --> (-1,-1)
# --> (-1,-1)
\n --> (-1,-1)
--> --> (-1,-1)
( --> (-1,-1)
integer_constant --> (0,0)
) --> (-1,-1)
\n --> (-1,-1)
# --> (-1,-1)
\n --> (-1,-1)
if --> (-1,-1)
( --> (-1,-1)
identifier --> (3,0)
== --> (-1,-1)
integer_constant --> (0,0)
) --> (-1,-1)
\n --> (-1,-1)
# --> (-1,-1)
\n --> (-1,-1)
--> --> (-1,-1)
( --> (-1,-1)
integer_constant --> (0,0)
) --> (-1,-1)
\n --> (-1,-1)
# --> (-1,-1)
\n --> (-1,-1)
if --> (-1,-1)
( --> (-1,-1)
identifier --> (3,0)
== --> (-1,-1)
integer_constant --> (1,0)
) --> (-1,-1)
\n --> (-1,-1)
# --> (-1,-1)
\n --> (-1,-1)
--> --> (-1,-1)
( --> (-1,-1)
integer_constant --> (0,0)
) --> (-1,-1)
\n --> (-1,-1)
# --> (-1,-1)
\n --> (-1,-1)
for --> (-1,-1)
identifier --> (3,0)
= --> (-1,-1)
integer_constant --> (1,0)
| --> (-1,-1)
identifier --> (3,0)
< --> (-1,-1)
identifier --> (8,0)
/ --> (-1,-1)
integer_constant --> (2,0)
| --> (-1,-1)
identifier --> (3,0)
= --> (-1,-1)
identifier --> (3,0)
+ --> (-1,-1)
integer_constant --> (1,0)
\n --> (-1,-1)
# --> (-1,-1)
\n --> (-1,-1)
identifier --> (0,1)
= --> (-1,-1)
identifier --> (8,0)
/ --> (-1,-1)
identifier --> (3,0)
\n --> (-1,-1)
--> --> (-1,-1)
( --> (-1,-1)
identifier --> (0,1)
) --> (-1,-1)
\n --> (-1,-1)
# --> (-1,-1)
\n --> (-1,-1)
